[30jun.2025 14:01:45.853] [main/INFO] [cpw.mods.modlauncher.Launcher/MODLAUNCHER]: ModLauncher running: args [--launchTarget, forgeclientdev, --version, 21.1.180, --assetIndex, 17, --assetsDir, C:\\Users\\darkoss\\.gradle\\caches\\neoformruntime\\assets, --gameDir, ., --fml.fmlVersion, 4.0.39, --fml.mcVersion, 1.21.1, --fml.neoForgeVersion, 21.1.180, --fml.neoFormVersion, 20240808.144430]
[30jun.2025 14:01:45.863] [main/INFO] [cpw.mods.modlauncher.Launcher/MODLAUNCHER]: JVM identified as Eclipse Adoptium OpenJDK 64-Bit Server VM 21.0.7+6-LTS
[30jun.2025 14:01:45.863] [main/INFO] [cpw.mods.modlauncher.Launcher/MODLAUNCHER]: ModLauncher 11.0.5+main.901c6ea8 starting: java version 21.0.7 by Eclipse Adoptium; OS Windows 11 arch amd64 version 10.0
[30jun.2025 14:01:45.974] [main/WARN] [net.neoforged.fml.loading.FMLConfig/CORE]: Configuration file C:\Users\darkoss\Desktop\bear_mod_neoforge\runs\client\config\fml.toml is not correct. Correcting
[30jun.2025 14:01:46.007] [main/INFO] [net.neoforged.fml.loading.ImmediateWindowHandler/]: Loading ImmediateWindowProvider fmlearlywindow
[30jun.2025 14:01:46.157] [main/INFO] [EARLYDISPLAY/]: Trying GL version 4.6
[30jun.2025 14:01:46.297] [main/INFO] [EARLYDISPLAY/]: Requested GL version 4.6 got version 4.6
[30jun.2025 14:01:46.439] [main/INFO] [mixin/]: SpongePowered MIXIN Subsystem Version=0.8.7 Source=union:/C:/Users/darkoss/.gradle/caches/modules-2/files-2.1/net.fabricmc/sponge-mixin/0.15.2+mixin.0.8.7/2af2f021d8e02a0220dc27a7a72b4666d66d44ca/sponge-mixin-0.15.2+mixin.0.8.7.jar%23138!/ Service=ModLauncher Env=CLIENT
[30jun.2025 14:01:46.447] [main/WARN] [net.neoforged.fml.loading.FMLConfig/CORE]: Configuration file C:\Users\darkoss\Desktop\bear_mod_neoforge\runs\client\config\fml.toml is not correct. Correcting
[30jun.2025 14:01:46.636] [pool-2-thread-1/INFO] [EARLYDISPLAY/]: GL info: AMD Radeon RX 7600 GL version 4.6.0 Core Profile Context 24.12.1.241127, ATI Technologies Inc.
[30jun.2025 14:01:46.889] [main/INFO] [net.neoforged.fml.loading.moddiscovery.locators.JarInJarDependencyLocator/]: Found 2 dependencies adding them to mods collection
[30jun.2025 14:01:46.889] [main/INFO] [net.neoforged.fml.loading.moddiscovery.ModDiscoverer/]: 
     Mod List:
		Name Version (Mod Id)

		Bear Mod 1.0.0 (bear_mod)
		GeckoLib 4 4.6.6 (geckolib)
		Minecraft 1.21.1 (minecraft)
		NeoForge 21.1.180 (neoforge)
		SmartBrainLib 1.16.1 (smartbrainlib)
[30jun.2025 14:01:48.271] [main/INFO] [mixin/]: Compatibility level set to JAVA_17
[30jun.2025 14:01:48.278] [main/INFO] [cpw.mods.modlauncher.LaunchServiceHandler/MODLAUNCHER]: Launching target 'forgeclientdev' with arguments [--version, 21.1.180, --gameDir, ., --assetsDir, C:\Users\darkoss\.gradle\caches\neoformruntime\assets, --assetIndex, 17]
[30jun.2025 14:01:48.350] [main/WARN] [mixin/]: Reference map 'geckolib.refmap.json' for geckolib.mixins.json could not be read. If this is a development environment you can ignore this message
[30jun.2025 14:01:50.476] [Datafixer Bootstrap/INFO] [com.mojang.datafixers.DataFixerBuilder/]: 229 Datafixer optimizations took 472 milliseconds
[30jun.2025 14:01:50.684] [pool-9-thread-1/INFO] [MixinExtras|Service/]: Initializing MixinExtras via com.llamalad7.mixinextras.service.MixinExtrasServiceImpl(version=0.4.1).
[30jun.2025 14:01:56.806] [main/WARN] [net.minecraft.commands.Commands/]: Ambiguity between arguments [teleport, location] and [teleport, destination] with inputs: [0.1 -0.5 .9, 0 0 0]
[30jun.2025 14:01:56.809] [main/WARN] [net.minecraft.commands.Commands/]: Ambiguity between arguments [teleport, location] and [teleport, targets] with inputs: [0.1 -0.5 .9, 0 0 0]
[30jun.2025 14:01:56.814] [main/WARN] [net.minecraft.commands.Commands/]: Ambiguity between arguments [teleport, destination] and [teleport, targets] with inputs: [Player, 0123, @e, dd12be42-52a9-4a91-a8a1-11c01849e498]
[30jun.2025 14:01:56.816] [main/WARN] [net.minecraft.commands.Commands/]: Ambiguity between arguments [teleport, targets] and [teleport, destination] with inputs: [Player, 0123, dd12be42-52a9-4a91-a8a1-11c01849e498]
[30jun.2025 14:01:56.819] [main/WARN] [net.minecraft.commands.Commands/]: Ambiguity between arguments [teleport, targets, location] and [teleport, targets, destination] with inputs: [0.1 -0.5 .9, 0 0 0]
[30jun.2025 14:01:57.032] [Render thread/WARN] [net.minecraft.server.packs.VanillaPackResourcesBuilder/]: Assets URL 'union:/C:/Users/darkoss/Desktop/bear_mod_neoforge/build/moddev/artifacts/neoforge-21.1.180-minecraft.jar%23189!/assets/.mcassetsroot' uses unexpected schema
[30jun.2025 14:01:57.033] [Render thread/WARN] [net.minecraft.server.packs.VanillaPackResourcesBuilder/]: Assets URL 'union:/C:/Users/darkoss/Desktop/bear_mod_neoforge/build/moddev/artifacts/neoforge-21.1.180-minecraft.jar%23189!/data/.mcassetsroot' uses unexpected schema
[30jun.2025 14:01:57.074] [Render thread/INFO] [com.mojang.authlib.yggdrasil.YggdrasilAuthenticationService/]: Environment: Environment[sessionHost=https://sessionserver.mojang.com, servicesHost=https://api.minecraftservices.com, name=PROD]
[30jun.2025 14:01:57.088] [Render thread/INFO] [net.minecraft.client.Minecraft/]: Setting user: Dev
[30jun.2025 14:01:57.210] [Render thread/INFO] [net.minecraft.client.Minecraft/]: Backend library: LWJGL version 3.3.3+5
[30jun.2025 14:01:57.550] [modloading-worker-0/INFO] [net.neoforged.neoforge.common.NeoForgeMod/NEOFORGE-MOD]: NeoForge mod loading, version 21.1.180, for MC 1.21.1
[30jun.2025 14:01:58.800] [Render thread/INFO] [net.neoforged.neoforge.gametest.GameTestHooks/]: Enabled Gametest Namespaces: []
[30jun.2025 14:01:59.235] [Render thread/INFO] [net.minecraft.server.packs.resources.ReloadableResourceManager/]: Reloading ResourceManager: vanilla, mod_resources, mod/smartbrainlib, mod/bear_mod, mod/geckolib, mod/neoforge
[30jun.2025 14:01:59.390] [Worker-Main-11/INFO] [net.minecraft.client.gui.font.providers.UnihexProvider/]: Found unifont_all_no_pua-15.1.05.hex, loading
[30jun.2025 14:01:59.437] [Worker-Main-5/INFO] [net.minecraft.client.gui.font.providers.UnihexProvider/]: Found unifont_jp_patch-15.1.05.hex, loading
[30jun.2025 14:02:01.230] [Render thread/WARN] [net.minecraft.client.sounds.SoundEngine/]: Missing sound for event: minecraft:item.goat_horn.play
[30jun.2025 14:02:01.230] [Render thread/WARN] [net.minecraft.client.sounds.SoundEngine/]: Missing sound for event: minecraft:entity.goat.screaming.horn_break
[30jun.2025 14:02:01.232] [Render thread/WARN] [net.minecraft.client.sounds.SoundEngine/]: Missing sound for event: bear_mod:bear_ambient
[30jun.2025 14:02:01.232] [Render thread/WARN] [net.minecraft.client.sounds.SoundEngine/]: Missing sound for event: bear_mod:bear_warning
[30jun.2025 14:02:01.234] [Render thread/WARN] [net.minecraft.client.sounds.SoundEngine/]: Missing sound for event: bear_mod:bear_hurt
[30jun.2025 14:02:01.234] [Render thread/WARN] [net.minecraft.client.sounds.SoundEngine/]: Missing sound for event: bear_mod:bear_death
[30jun.2025 14:02:01.424] [Render thread/INFO] [com.mojang.blaze3d.audio.Library/]: OpenAL initialized on device OpenAL Soft on Alto-falantes (USB Audio Device)
[30jun.2025 14:02:01.426] [Render thread/INFO] [net.minecraft.client.sounds.SoundEngine/SOUNDS]: Sound engine started
[30jun.2025 14:02:01.555] [Render thread/INFO] [net.minecraft.client.renderer.texture.TextureAtlas/]: Created: 1024x512x4 minecraft:textures/atlas/blocks.png-atlas
[30jun.2025 14:02:01.570] [Render thread/INFO] [net.minecraft.client.renderer.texture.TextureAtlas/]: Created: 256x256x4 minecraft:textures/atlas/signs.png-atlas
[30jun.2025 14:02:01.571] [Render thread/INFO] [net.minecraft.client.renderer.texture.TextureAtlas/]: Created: 512x512x4 minecraft:textures/atlas/shield_patterns.png-atlas
[30jun.2025 14:02:01.572] [Render thread/INFO] [net.minecraft.client.renderer.texture.TextureAtlas/]: Created: 512x512x4 minecraft:textures/atlas/banner_patterns.png-atlas
[30jun.2025 14:02:01.573] [Render thread/INFO] [net.minecraft.client.renderer.texture.TextureAtlas/]: Created: 1024x1024x4 minecraft:textures/atlas/armor_trims.png-atlas
[30jun.2025 14:02:01.576] [Render thread/INFO] [net.minecraft.client.renderer.texture.TextureAtlas/]: Created: 256x256x4 minecraft:textures/atlas/chest.png-atlas
[30jun.2025 14:02:01.578] [Render thread/INFO] [net.minecraft.client.renderer.texture.TextureAtlas/]: Created: 128x64x4 minecraft:textures/atlas/decorated_pot.png-atlas
[30jun.2025 14:02:01.578] [Render thread/INFO] [net.minecraft.client.renderer.texture.TextureAtlas/]: Created: 512x256x4 minecraft:textures/atlas/beds.png-atlas
[30jun.2025 14:02:01.579] [Render thread/INFO] [net.minecraft.client.renderer.texture.TextureAtlas/]: Created: 512x256x4 minecraft:textures/atlas/shulker_boxes.png-atlas
[30jun.2025 14:02:01.729] [Render thread/INFO] [net.minecraft.client.renderer.texture.TextureAtlas/]: Created: 512x256x0 minecraft:textures/atlas/particles.png-atlas
[30jun.2025 14:02:01.731] [Render thread/INFO] [net.minecraft.client.renderer.texture.TextureAtlas/]: Created: 512x256x0 minecraft:textures/atlas/paintings.png-atlas
[30jun.2025 14:02:01.732] [Render thread/INFO] [net.minecraft.client.renderer.texture.TextureAtlas/]: Created: 256x128x0 minecraft:textures/atlas/mob_effects.png-atlas
[30jun.2025 14:02:01.733] [Render thread/INFO] [net.minecraft.client.renderer.texture.TextureAtlas/]: Created: 64x64x0 minecraft:textures/atlas/map_decorations.png-atlas
[30jun.2025 14:02:01.733] [Render thread/INFO] [net.minecraft.client.renderer.texture.TextureAtlas/]: Created: 1024x512x0 minecraft:textures/atlas/gui.png-atlas
[30jun.2025 14:02:01.796] [Render thread/WARN] [net.minecraft.client.renderer.ShaderInstance/]: Shader rendertype_entity_translucent_emissive could not find sampler named Sampler2 in the specified shader program.
[30jun.2025 14:02:01.901] [Render thread/INFO] [net.neoforged.neoforge.client.entity.animation.json.AnimationLoader/]: Loaded 0 entity animations
[30jun.2025 14:02:12.120] [Render thread/INFO] [net.minecraft.world.item.crafting.RecipeManager/]: Loaded 1290 recipes
[30jun.2025 14:02:12.307] [Render thread/INFO] [net.minecraft.advancements.AdvancementTree/]: Loaded 1399 advancements
[30jun.2025 14:02:16.975] [Server thread/INFO] [net.minecraft.client.server.IntegratedServer/]: Starting integrated minecraft server version 1.21.1
[30jun.2025 14:02:16.975] [Server thread/INFO] [net.minecraft.server.MinecraftServer/]: Generating keypair
[30jun.2025 14:02:17.591] [Server thread/INFO] [net.minecraft.server.MinecraftServer/]: Preparing start region for dimension minecraft:overworld
[30jun.2025 14:02:17.631] [progressListener/INFO] [net.minecraft.server.level.progress.LoggerChunkProgressListener/]: Preparing spawn area: 2%
[30jun.2025 14:02:18.074] [Server thread/INFO] [net.neoforged.neoforge.server.permission.PermissionAPI/]: Successfully initialized permission handler neoforge:default_handler
[30jun.2025 14:02:18.079] [progressListener/INFO] [net.minecraft.server.level.progress.LoggerChunkProgressListener/]: Time elapsed: 467 ms
[30jun.2025 14:02:18.118] [Server thread/INFO] [net.minecraft.client.server.IntegratedServer/]: Changing view distance to 12, from 10
[30jun.2025 14:02:18.118] [Server thread/INFO] [net.minecraft.client.server.IntegratedServer/]: Changing simulation distance to 12, from 0
[30jun.2025 14:02:18.924] [Server thread/INFO] [net.minecraft.server.players.PlayerList/]: Dev[local:E:2f7d7fdd] logged in with entity id 1 at (-7.5, -60.0, -8.5)
[30jun.2025 14:02:18.981] [Server thread/INFO] [net.minecraft.server.MinecraftServer/]: Dev joined the game
[30jun.2025 14:02:19.195] [Render thread/INFO] [net.minecraft.advancements.AdvancementTree/]: Loaded 2 advancements
[30jun.2025 14:02:22.769] [Server thread/INFO] [net.minecraft.server.MinecraftServer/]: [Dev: Summoned new entity.bear_mod.bear]
[30jun.2025 14:02:22.788] [Render thread/INFO] [net.minecraft.client.gui.components.ChatComponent/]: [System] [CHAT] Summoned new entity.bear_mod.bear
[30jun.2025 14:02:22.814] [Render thread/WARN] [net.minecraft.client.renderer.texture.TextureManager/]: Failed to load texture: bear_mod:textures/entity/bear/bear.png
java.io.FileNotFoundException: bear_mod:textures/entity/bear/bear.png
	at TRANSFORMER/minecraft@1.21.1/net.minecraft.server.packs.resources.ResourceProvider.lambda$getResourceOrThrow$1(ResourceProvider.java:18) ~[neoforge-21.1.180-minecraft.jar%23189!/:?]
	at java.base/java.util.Optional.orElseThrow(Optional.java:403) ~[?:?]
	at TRANSFORMER/minecraft@1.21.1/net.minecraft.server.packs.resources.ResourceProvider.getResourceOrThrow(ResourceProvider.java:18) ~[neoforge-21.1.180-minecraft.jar%23189!/:?]
	at TRANSFORMER/geckolib@4.6.6/software.bernie.geckolib.cache.texture.AnimatableTexture.load(AnimatableTexture.java:40) ~[geckolib-neoforge-1.21.1-4.6.6.jar%23193!/:4.6.6]
	at TRANSFORMER/minecraft@1.21.1/net.minecraft.client.renderer.texture.TextureManager.loadTexture(TextureManager.java:92) ~[neoforge-21.1.180-minecraft.jar%23189!/:?]
	at TRANSFORMER/minecraft@1.21.1/net.minecraft.client.renderer.texture.TextureManager.register(TextureManager.java:63) ~[neoforge-21.1.180-minecraft.jar%23189!/:?]
	at TRANSFORMER/minecraft@1.21.1/net.minecraft.client.renderer.texture.TextureManager.wrapOperation$zzd000$geckolib$replaceAnimatableTexture(TextureManager.java:531) ~[neoforge-21.1.180-minecraft.jar%23189!/:?]
	at TRANSFORMER/minecraft@1.21.1/net.minecraft.client.renderer.texture.TextureManager.getTexture(TextureManager.java:112) ~[neoforge-21.1.180-minecraft.jar%23189!/:?]
	at TRANSFORMER/geckolib@4.6.6/software.bernie.geckolib.cache.texture.AnimatableTexture.setAndUpdate(AnimatableTexture.java:90) ~[geckolib-neoforge-1.21.1-4.6.6.jar%23193!/:4.6.6]
	at TRANSFORMER/geckolib@4.6.6/software.bernie.geckolib.cache.texture.AnimatableTexture.setAndUpdate(AnimatableTexture.java:81) ~[geckolib-neoforge-1.21.1-4.6.6.jar%23193!/:4.6.6]
	at TRANSFORMER/geckolib@4.6.6/software.bernie.geckolib.renderer.GeoEntityRenderer.updateAnimatedTextureFrame(GeoEntityRenderer.java:561) ~[geckolib-neoforge-1.21.1-4.6.6.jar%23193!/:4.6.6]
	at TRANSFORMER/geckolib@4.6.6/software.bernie.geckolib.renderer.GeoEntityRenderer.updateAnimatedTextureFrame(GeoEntityRenderer.java:52) ~[geckolib-neoforge-1.21.1-4.6.6.jar%23193!/:4.6.6]
	at TRANSFORMER/geckolib@4.6.6/software.bernie.geckolib.renderer.GeoRenderer.actuallyRender(GeoRenderer.java:187) ~[geckolib-neoforge-1.21.1-4.6.6.jar%23193!/:4.6.6]
	at TRANSFORMER/geckolib@4.6.6/software.bernie.geckolib.renderer.GeoEntityRenderer.actuallyRender(GeoEntityRenderer.java:278) ~[geckolib-neoforge-1.21.1-4.6.6.jar%23193!/:4.6.6]
	at TRANSFORMER/geckolib@4.6.6/software.bernie.geckolib.renderer.GeoEntityRenderer.actuallyRender(GeoEntityRenderer.java:52) ~[geckolib-neoforge-1.21.1-4.6.6.jar%23193!/:4.6.6]
	at TRANSFORMER/geckolib@4.6.6/software.bernie.geckolib.renderer.GeoRenderer.defaultRender(GeoRenderer.java:143) ~[geckolib-neoforge-1.21.1-4.6.6.jar%23193!/:4.6.6]
	at TRANSFORMER/geckolib@4.6.6/software.bernie.geckolib.renderer.GeoEntityRenderer.render(GeoEntityRenderer.java:194) ~[geckolib-neoforge-1.21.1-4.6.6.jar%23193!/:4.6.6]
	at TRANSFORMER/bear_mod@1.0.0/com.starfish_studios.bear_mod.client.renderer.BearRenderer.render(BearRenderer.java:29) ~[%23191!/:?]
	at TRANSFORMER/bear_mod@1.0.0/com.starfish_studios.bear_mod.client.renderer.BearRenderer.render(BearRenderer.java:13) ~[%23191!/:?]
	at TRANSFORMER/minecraft@1.21.1/net.minecraft.client.renderer.entity.EntityRenderDispatcher.render(EntityRenderDispatcher.java:159) ~[neoforge-21.1.180-minecraft.jar%23189!/:?]
	at TRANSFORMER/minecraft@1.21.1/net.minecraft.client.renderer.LevelRenderer.renderEntity(LevelRenderer.java:1256) ~[neoforge-21.1.180-minecraft.jar%23189!/:?]
	at TRANSFORMER/minecraft@1.21.1/net.minecraft.client.renderer.LevelRenderer.renderLevel(LevelRenderer.java:1034) ~[neoforge-21.1.180-minecraft.jar%23189!/:?]
	at TRANSFORMER/minecraft@1.21.1/net.minecraft.client.renderer.GameRenderer.renderLevel(GameRenderer.java:1271) ~[neoforge-21.1.180-minecraft.jar%23189!/:?]
	at TRANSFORMER/minecraft@1.21.1/net.minecraft.client.renderer.GameRenderer.render(GameRenderer.java:1024) ~[neoforge-21.1.180-minecraft.jar%23189!/:?]
	at TRANSFORMER/minecraft@1.21.1/net.minecraft.client.Minecraft.runTick(Minecraft.java:1195) ~[neoforge-21.1.180-minecraft.jar%23189!/:?]
	at TRANSFORMER/minecraft@1.21.1/net.minecraft.client.Minecraft.run(Minecraft.java:807) ~[neoforge-21.1.180-minecraft.jar%23189!/:?]
	at TRANSFORMER/minecraft@1.21.1/net.minecraft.client.main.Main.main(Main.java:230) ~[neoforge-21.1.180-minecraft.jar%23189!/:?]
	at java.base/jdk.internal.reflect.DirectMethodHandleAccessor.invoke(DirectMethodHandleAccessor.java:103) ~[?:?]
	at java.base/java.lang.reflect.Method.invoke(Method.java:580) ~[?:?]
	at MC-BOOTSTRAP/fml_loader@4.0.39/net.neoforged.fml.loading.targets.CommonLaunchHandler.runTarget(CommonLaunchHandler.java:136) ~[loader-4.0.39.jar%23146!/:4.0]
	at MC-BOOTSTRAP/fml_loader@4.0.39/net.neoforged.fml.loading.targets.CommonLaunchHandler.clientService(CommonLaunchHandler.java:124) ~[loader-4.0.39.jar%23146!/:4.0]
	at MC-BOOTSTRAP/fml_loader@4.0.39/net.neoforged.fml.loading.targets.NeoForgeClientDevLaunchHandler.runService(NeoForgeClientDevLaunchHandler.java:23) ~[loader-4.0.39.jar%23146!/:4.0]
	at MC-BOOTSTRAP/fml_loader@4.0.39/net.neoforged.fml.loading.targets.CommonLaunchHandler.lambda$launchService$4(CommonLaunchHandler.java:118) ~[loader-4.0.39.jar%23146!/:4.0]
	at MC-BOOTSTRAP/cpw.mods.modlauncher@11.0.5/cpw.mods.modlauncher.LaunchServiceHandlerDecorator.launch(LaunchServiceHandlerDecorator.java:30) [modlauncher-11.0.5.jar%23128!/:?]
	at MC-BOOTSTRAP/cpw.mods.modlauncher@11.0.5/cpw.mods.modlauncher.LaunchServiceHandler.launch(LaunchServiceHandler.java:53) [modlauncher-11.0.5.jar%23128!/:?]
	at MC-BOOTSTRAP/cpw.mods.modlauncher@11.0.5/cpw.mods.modlauncher.LaunchServiceHandler.launch(LaunchServiceHandler.java:71) [modlauncher-11.0.5.jar%23128!/:?]
	at MC-BOOTSTRAP/cpw.mods.modlauncher@11.0.5/cpw.mods.modlauncher.Launcher.run(Launcher.java:103) [modlauncher-11.0.5.jar%23128!/:?]
	at MC-BOOTSTRAP/cpw.mods.modlauncher@11.0.5/cpw.mods.modlauncher.Launcher.main(Launcher.java:74) [modlauncher-11.0.5.jar%23128!/:?]
	at MC-BOOTSTRAP/cpw.mods.modlauncher@11.0.5/cpw.mods.modlauncher.BootstrapLaunchConsumer.accept(BootstrapLaunchConsumer.java:26) [modlauncher-11.0.5.jar%23128!/:?]
	at MC-BOOTSTRAP/cpw.mods.modlauncher@11.0.5/cpw.mods.modlauncher.BootstrapLaunchConsumer.accept(BootstrapLaunchConsumer.java:23) [modlauncher-11.0.5.jar%23128!/:?]
	at cpw.mods.bootstraplauncher@2.0.2/cpw.mods.bootstraplauncher.BootstrapLauncher.run(BootstrapLauncher.java:210) [bootstraplauncher-2.0.2.jar:?]
	at cpw.mods.bootstraplauncher@2.0.2/cpw.mods.bootstraplauncher.BootstrapLauncher.main(BootstrapLauncher.java:69) [bootstraplauncher-2.0.2.jar:?]
	at java.base/jdk.internal.reflect.DirectMethodHandleAccessor.invoke(DirectMethodHandleAccessor.java:103) ~[?:?]
	at java.base/java.lang.reflect.Method.invoke(Method.java:580) ~[?:?]
	at DevLaunch@1.0.1/net.neoforged.devlaunch.Main.main(Main.java:55) [DevLaunch-1.0.1.jar:?]
[30jun.2025 14:02:22.815] [Render thread/WARN] [net.minecraft.client.renderer.texture.TextureManager/]: Failed to load texture: bear_mod:textures/entity/bear/bear.png
java.io.FileNotFoundException: bear_mod:textures/entity/bear/bear.png
	at TRANSFORMER/minecraft@1.21.1/net.minecraft.server.packs.resources.ResourceProvider.lambda$getResourceOrThrow$1(ResourceProvider.java:18) ~[neoforge-21.1.180-minecraft.jar%23189!/:?]
	at java.base/java.util.Optional.orElseThrow(Optional.java:403) ~[?:?]
	at TRANSFORMER/minecraft@1.21.1/net.minecraft.server.packs.resources.ResourceProvider.getResourceOrThrow(ResourceProvider.java:18) ~[neoforge-21.1.180-minecraft.jar%23189!/:?]
	at TRANSFORMER/minecraft@1.21.1/net.minecraft.client.renderer.texture.SimpleTexture$TextureImage.load(SimpleTexture.java:83) ~[neoforge-21.1.180-minecraft.jar%23189!/:?]
	at TRANSFORMER/minecraft@1.21.1/net.minecraft.client.renderer.texture.SimpleTexture.getTextureImage(SimpleTexture.java:57) ~[neoforge-21.1.180-minecraft.jar%23189!/:?]
	at TRANSFORMER/minecraft@1.21.1/net.minecraft.client.renderer.texture.SimpleTexture.load(SimpleTexture.java:30) ~[neoforge-21.1.180-minecraft.jar%23189!/:?]
	at TRANSFORMER/minecraft@1.21.1/net.minecraft.client.renderer.texture.TextureManager.loadTexture(TextureManager.java:92) ~[neoforge-21.1.180-minecraft.jar%23189!/:?]
	at TRANSFORMER/minecraft@1.21.1/net.minecraft.client.renderer.texture.TextureManager.register(TextureManager.java:63) ~[neoforge-21.1.180-minecraft.jar%23189!/:?]
	at TRANSFORMER/minecraft@1.21.1/net.minecraft.client.renderer.texture.TextureManager.getTexture(TextureManager.java:113) ~[neoforge-21.1.180-minecraft.jar%23189!/:?]
	at TRANSFORMER/geckolib@4.6.6/software.bernie.geckolib.cache.texture.AnimatableTexture.setAndUpdate(AnimatableTexture.java:90) ~[geckolib-neoforge-1.21.1-4.6.6.jar%23193!/:4.6.6]
	at TRANSFORMER/geckolib@4.6.6/software.bernie.geckolib.cache.texture.AnimatableTexture.setAndUpdate(AnimatableTexture.java:81) ~[geckolib-neoforge-1.21.1-4.6.6.jar%23193!/:4.6.6]
	at TRANSFORMER/geckolib@4.6.6/software.bernie.geckolib.renderer.GeoEntityRenderer.updateAnimatedTextureFrame(GeoEntityRenderer.java:561) ~[geckolib-neoforge-1.21.1-4.6.6.jar%23193!/:4.6.6]
	at TRANSFORMER/geckolib@4.6.6/software.bernie.geckolib.renderer.GeoEntityRenderer.updateAnimatedTextureFrame(GeoEntityRenderer.java:52) ~[geckolib-neoforge-1.21.1-4.6.6.jar%23193!/:4.6.6]
	at TRANSFORMER/geckolib@4.6.6/software.bernie.geckolib.renderer.GeoRenderer.actuallyRender(GeoRenderer.java:187) ~[geckolib-neoforge-1.21.1-4.6.6.jar%23193!/:4.6.6]
	at TRANSFORMER/geckolib@4.6.6/software.bernie.geckolib.renderer.GeoEntityRenderer.actuallyRender(GeoEntityRenderer.java:278) ~[geckolib-neoforge-1.21.1-4.6.6.jar%23193!/:4.6.6]
	at TRANSFORMER/geckolib@4.6.6/software.bernie.geckolib.renderer.GeoEntityRenderer.actuallyRender(GeoEntityRenderer.java:52) ~[geckolib-neoforge-1.21.1-4.6.6.jar%23193!/:4.6.6]
	at TRANSFORMER/geckolib@4.6.6/software.bernie.geckolib.renderer.GeoRenderer.defaultRender(GeoRenderer.java:143) ~[geckolib-neoforge-1.21.1-4.6.6.jar%23193!/:4.6.6]
	at TRANSFORMER/geckolib@4.6.6/software.bernie.geckolib.renderer.GeoEntityRenderer.render(GeoEntityRenderer.java:194) ~[geckolib-neoforge-1.21.1-4.6.6.jar%23193!/:4.6.6]
	at TRANSFORMER/bear_mod@1.0.0/com.starfish_studios.bear_mod.client.renderer.BearRenderer.render(BearRenderer.java:29) ~[%23191!/:?]
	at TRANSFORMER/bear_mod@1.0.0/com.starfish_studios.bear_mod.client.renderer.BearRenderer.render(BearRenderer.java:13) ~[%23191!/:?]
	at TRANSFORMER/minecraft@1.21.1/net.minecraft.client.renderer.entity.EntityRenderDispatcher.render(EntityRenderDispatcher.java:159) ~[neoforge-21.1.180-minecraft.jar%23189!/:?]
	at TRANSFORMER/minecraft@1.21.1/net.minecraft.client.renderer.LevelRenderer.renderEntity(LevelRenderer.java:1256) ~[neoforge-21.1.180-minecraft.jar%23189!/:?]
	at TRANSFORMER/minecraft@1.21.1/net.minecraft.client.renderer.LevelRenderer.renderLevel(LevelRenderer.java:1034) ~[neoforge-21.1.180-minecraft.jar%23189!/:?]
	at TRANSFORMER/minecraft@1.21.1/net.minecraft.client.renderer.GameRenderer.renderLevel(GameRenderer.java:1271) ~[neoforge-21.1.180-minecraft.jar%23189!/:?]
	at TRANSFORMER/minecraft@1.21.1/net.minecraft.client.renderer.GameRenderer.render(GameRenderer.java:1024) ~[neoforge-21.1.180-minecraft.jar%23189!/:?]
	at TRANSFORMER/minecraft@1.21.1/net.minecraft.client.Minecraft.runTick(Minecraft.java:1195) ~[neoforge-21.1.180-minecraft.jar%23189!/:?]
	at TRANSFORMER/minecraft@1.21.1/net.minecraft.client.Minecraft.run(Minecraft.java:807) ~[neoforge-21.1.180-minecraft.jar%23189!/:?]
	at TRANSFORMER/minecraft@1.21.1/net.minecraft.client.main.Main.main(Main.java:230) ~[neoforge-21.1.180-minecraft.jar%23189!/:?]
	at java.base/jdk.internal.reflect.DirectMethodHandleAccessor.invoke(DirectMethodHandleAccessor.java:103) ~[?:?]
	at java.base/java.lang.reflect.Method.invoke(Method.java:580) ~[?:?]
	at MC-BOOTSTRAP/fml_loader@4.0.39/net.neoforged.fml.loading.targets.CommonLaunchHandler.runTarget(CommonLaunchHandler.java:136) ~[loader-4.0.39.jar%23146!/:4.0]
	at MC-BOOTSTRAP/fml_loader@4.0.39/net.neoforged.fml.loading.targets.CommonLaunchHandler.clientService(CommonLaunchHandler.java:124) ~[loader-4.0.39.jar%23146!/:4.0]
	at MC-BOOTSTRAP/fml_loader@4.0.39/net.neoforged.fml.loading.targets.NeoForgeClientDevLaunchHandler.runService(NeoForgeClientDevLaunchHandler.java:23) ~[loader-4.0.39.jar%23146!/:4.0]
	at MC-BOOTSTRAP/fml_loader@4.0.39/net.neoforged.fml.loading.targets.CommonLaunchHandler.lambda$launchService$4(CommonLaunchHandler.java:118) ~[loader-4.0.39.jar%23146!/:4.0]
	at MC-BOOTSTRAP/cpw.mods.modlauncher@11.0.5/cpw.mods.modlauncher.LaunchServiceHandlerDecorator.launch(LaunchServiceHandlerDecorator.java:30) [modlauncher-11.0.5.jar%23128!/:?]
	at MC-BOOTSTRAP/cpw.mods.modlauncher@11.0.5/cpw.mods.modlauncher.LaunchServiceHandler.launch(LaunchServiceHandler.java:53) [modlauncher-11.0.5.jar%23128!/:?]
	at MC-BOOTSTRAP/cpw.mods.modlauncher@11.0.5/cpw.mods.modlauncher.LaunchServiceHandler.launch(LaunchServiceHandler.java:71) [modlauncher-11.0.5.jar%23128!/:?]
	at MC-BOOTSTRAP/cpw.mods.modlauncher@11.0.5/cpw.mods.modlauncher.Launcher.run(Launcher.java:103) [modlauncher-11.0.5.jar%23128!/:?]
	at MC-BOOTSTRAP/cpw.mods.modlauncher@11.0.5/cpw.mods.modlauncher.Launcher.main(Launcher.java:74) [modlauncher-11.0.5.jar%23128!/:?]
	at MC-BOOTSTRAP/cpw.mods.modlauncher@11.0.5/cpw.mods.modlauncher.BootstrapLaunchConsumer.accept(BootstrapLaunchConsumer.java:26) [modlauncher-11.0.5.jar%23128!/:?]
	at MC-BOOTSTRAP/cpw.mods.modlauncher@11.0.5/cpw.mods.modlauncher.BootstrapLaunchConsumer.accept(BootstrapLaunchConsumer.java:23) [modlauncher-11.0.5.jar%23128!/:?]
	at cpw.mods.bootstraplauncher@2.0.2/cpw.mods.bootstraplauncher.BootstrapLauncher.run(BootstrapLauncher.java:210) [bootstraplauncher-2.0.2.jar:?]
	at cpw.mods.bootstraplauncher@2.0.2/cpw.mods.bootstraplauncher.BootstrapLauncher.main(BootstrapLauncher.java:69) [bootstraplauncher-2.0.2.jar:?]
	at java.base/jdk.internal.reflect.DirectMethodHandleAccessor.invoke(DirectMethodHandleAccessor.java:103) ~[?:?]
	at java.base/java.lang.reflect.Method.invoke(Method.java:580) ~[?:?]
	at DevLaunch@1.0.1/net.neoforged.devlaunch.Main.main(Main.java:55) [DevLaunch-1.0.1.jar:?]
[30jun.2025 14:02:35.849] [Render thread/WARN] [net.minecraft.client.renderer.texture.TextureManager/]: Failed to load texture: bear_mod:textures/entity/bear/bear_aggressive.png
java.io.FileNotFoundException: bear_mod:textures/entity/bear/bear_aggressive.png
	at TRANSFORMER/minecraft@1.21.1/net.minecraft.server.packs.resources.ResourceProvider.lambda$getResourceOrThrow$1(ResourceProvider.java:18) ~[neoforge-21.1.180-minecraft.jar%23189!/:?]
	at java.base/java.util.Optional.orElseThrow(Optional.java:403) ~[?:?]
	at TRANSFORMER/minecraft@1.21.1/net.minecraft.server.packs.resources.ResourceProvider.getResourceOrThrow(ResourceProvider.java:18) ~[neoforge-21.1.180-minecraft.jar%23189!/:?]
	at TRANSFORMER/geckolib@4.6.6/software.bernie.geckolib.cache.texture.AnimatableTexture.load(AnimatableTexture.java:40) ~[geckolib-neoforge-1.21.1-4.6.6.jar%23193!/:4.6.6]
	at TRANSFORMER/minecraft@1.21.1/net.minecraft.client.renderer.texture.TextureManager.loadTexture(TextureManager.java:92) ~[neoforge-21.1.180-minecraft.jar%23189!/:?]
	at TRANSFORMER/minecraft@1.21.1/net.minecraft.client.renderer.texture.TextureManager.register(TextureManager.java:63) ~[neoforge-21.1.180-minecraft.jar%23189!/:?]
	at TRANSFORMER/minecraft@1.21.1/net.minecraft.client.renderer.texture.TextureManager.wrapOperation$zzd000$geckolib$replaceAnimatableTexture(TextureManager.java:531) ~[neoforge-21.1.180-minecraft.jar%23189!/:?]
	at TRANSFORMER/minecraft@1.21.1/net.minecraft.client.renderer.texture.TextureManager.getTexture(TextureManager.java:112) ~[neoforge-21.1.180-minecraft.jar%23189!/:?]
	at TRANSFORMER/geckolib@4.6.6/software.bernie.geckolib.cache.texture.AnimatableTexture.setAndUpdate(AnimatableTexture.java:90) ~[geckolib-neoforge-1.21.1-4.6.6.jar%23193!/:4.6.6]
	at TRANSFORMER/geckolib@4.6.6/software.bernie.geckolib.cache.texture.AnimatableTexture.setAndUpdate(AnimatableTexture.java:81) ~[geckolib-neoforge-1.21.1-4.6.6.jar%23193!/:4.6.6]
	at TRANSFORMER/geckolib@4.6.6/software.bernie.geckolib.renderer.GeoEntityRenderer.updateAnimatedTextureFrame(GeoEntityRenderer.java:561) ~[geckolib-neoforge-1.21.1-4.6.6.jar%23193!/:4.6.6]
	at TRANSFORMER/geckolib@4.6.6/software.bernie.geckolib.renderer.GeoEntityRenderer.updateAnimatedTextureFrame(GeoEntityRenderer.java:52) ~[geckolib-neoforge-1.21.1-4.6.6.jar%23193!/:4.6.6]
	at TRANSFORMER/geckolib@4.6.6/software.bernie.geckolib.renderer.GeoRenderer.actuallyRender(GeoRenderer.java:187) ~[geckolib-neoforge-1.21.1-4.6.6.jar%23193!/:4.6.6]
	at TRANSFORMER/geckolib@4.6.6/software.bernie.geckolib.renderer.GeoEntityRenderer.actuallyRender(GeoEntityRenderer.java:278) ~[geckolib-neoforge-1.21.1-4.6.6.jar%23193!/:4.6.6]
	at TRANSFORMER/geckolib@4.6.6/software.bernie.geckolib.renderer.GeoEntityRenderer.actuallyRender(GeoEntityRenderer.java:52) ~[geckolib-neoforge-1.21.1-4.6.6.jar%23193!/:4.6.6]
	at TRANSFORMER/geckolib@4.6.6/software.bernie.geckolib.renderer.GeoRenderer.defaultRender(GeoRenderer.java:143) ~[geckolib-neoforge-1.21.1-4.6.6.jar%23193!/:4.6.6]
	at TRANSFORMER/geckolib@4.6.6/software.bernie.geckolib.renderer.GeoEntityRenderer.render(GeoEntityRenderer.java:194) ~[geckolib-neoforge-1.21.1-4.6.6.jar%23193!/:4.6.6]
	at TRANSFORMER/bear_mod@1.0.0/com.starfish_studios.bear_mod.client.renderer.BearRenderer.render(BearRenderer.java:29) ~[%23191!/:?]
	at TRANSFORMER/bear_mod@1.0.0/com.starfish_studios.bear_mod.client.renderer.BearRenderer.render(BearRenderer.java:13) ~[%23191!/:?]
	at TRANSFORMER/minecraft@1.21.1/net.minecraft.client.renderer.entity.EntityRenderDispatcher.render(EntityRenderDispatcher.java:159) ~[neoforge-21.1.180-minecraft.jar%23189!/:?]
	at TRANSFORMER/minecraft@1.21.1/net.minecraft.client.renderer.LevelRenderer.renderEntity(LevelRenderer.java:1256) ~[neoforge-21.1.180-minecraft.jar%23189!/:?]
	at TRANSFORMER/minecraft@1.21.1/net.minecraft.client.renderer.LevelRenderer.renderLevel(LevelRenderer.java:1034) ~[neoforge-21.1.180-minecraft.jar%23189!/:?]
	at TRANSFORMER/minecraft@1.21.1/net.minecraft.client.renderer.GameRenderer.renderLevel(GameRenderer.java:1271) ~[neoforge-21.1.180-minecraft.jar%23189!/:?]
	at TRANSFORMER/minecraft@1.21.1/net.minecraft.client.renderer.GameRenderer.render(GameRenderer.java:1024) ~[neoforge-21.1.180-minecraft.jar%23189!/:?]
	at TRANSFORMER/minecraft@1.21.1/net.minecraft.client.Minecraft.runTick(Minecraft.java:1195) ~[neoforge-21.1.180-minecraft.jar%23189!/:?]
	at TRANSFORMER/minecraft@1.21.1/net.minecraft.client.Minecraft.run(Minecraft.java:807) ~[neoforge-21.1.180-minecraft.jar%23189!/:?]
	at TRANSFORMER/minecraft@1.21.1/net.minecraft.client.main.Main.main(Main.java:230) ~[neoforge-21.1.180-minecraft.jar%23189!/:?]
	at java.base/jdk.internal.reflect.DirectMethodHandleAccessor.invoke(DirectMethodHandleAccessor.java:103) ~[?:?]
	at java.base/java.lang.reflect.Method.invoke(Method.java:580) ~[?:?]
	at MC-BOOTSTRAP/fml_loader@4.0.39/net.neoforged.fml.loading.targets.CommonLaunchHandler.runTarget(CommonLaunchHandler.java:136) ~[loader-4.0.39.jar%23146!/:4.0]
	at MC-BOOTSTRAP/fml_loader@4.0.39/net.neoforged.fml.loading.targets.CommonLaunchHandler.clientService(CommonLaunchHandler.java:124) ~[loader-4.0.39.jar%23146!/:4.0]
	at MC-BOOTSTRAP/fml_loader@4.0.39/net.neoforged.fml.loading.targets.NeoForgeClientDevLaunchHandler.runService(NeoForgeClientDevLaunchHandler.java:23) ~[loader-4.0.39.jar%23146!/:4.0]
	at MC-BOOTSTRAP/fml_loader@4.0.39/net.neoforged.fml.loading.targets.CommonLaunchHandler.lambda$launchService$4(CommonLaunchHandler.java:118) ~[loader-4.0.39.jar%23146!/:4.0]
	at MC-BOOTSTRAP/cpw.mods.modlauncher@11.0.5/cpw.mods.modlauncher.LaunchServiceHandlerDecorator.launch(LaunchServiceHandlerDecorator.java:30) [modlauncher-11.0.5.jar%23128!/:?]
	at MC-BOOTSTRAP/cpw.mods.modlauncher@11.0.5/cpw.mods.modlauncher.LaunchServiceHandler.launch(LaunchServiceHandler.java:53) [modlauncher-11.0.5.jar%23128!/:?]
	at MC-BOOTSTRAP/cpw.mods.modlauncher@11.0.5/cpw.mods.modlauncher.LaunchServiceHandler.launch(LaunchServiceHandler.java:71) [modlauncher-11.0.5.jar%23128!/:?]
	at MC-BOOTSTRAP/cpw.mods.modlauncher@11.0.5/cpw.mods.modlauncher.Launcher.run(Launcher.java:103) [modlauncher-11.0.5.jar%23128!/:?]
	at MC-BOOTSTRAP/cpw.mods.modlauncher@11.0.5/cpw.mods.modlauncher.Launcher.main(Launcher.java:74) [modlauncher-11.0.5.jar%23128!/:?]
	at MC-BOOTSTRAP/cpw.mods.modlauncher@11.0.5/cpw.mods.modlauncher.BootstrapLaunchConsumer.accept(BootstrapLaunchConsumer.java:26) [modlauncher-11.0.5.jar%23128!/:?]
	at MC-BOOTSTRAP/cpw.mods.modlauncher@11.0.5/cpw.mods.modlauncher.BootstrapLaunchConsumer.accept(BootstrapLaunchConsumer.java:23) [modlauncher-11.0.5.jar%23128!/:?]
	at cpw.mods.bootstraplauncher@2.0.2/cpw.mods.bootstraplauncher.BootstrapLauncher.run(BootstrapLauncher.java:210) [bootstraplauncher-2.0.2.jar:?]
	at cpw.mods.bootstraplauncher@2.0.2/cpw.mods.bootstraplauncher.BootstrapLauncher.main(BootstrapLauncher.java:69) [bootstraplauncher-2.0.2.jar:?]
	at java.base/jdk.internal.reflect.DirectMethodHandleAccessor.invoke(DirectMethodHandleAccessor.java:103) ~[?:?]
	at java.base/java.lang.reflect.Method.invoke(Method.java:580) ~[?:?]
	at DevLaunch@1.0.1/net.neoforged.devlaunch.Main.main(Main.java:55) [DevLaunch-1.0.1.jar:?]
[30jun.2025 14:02:35.851] [Render thread/WARN] [net.minecraft.client.renderer.texture.TextureManager/]: Failed to load texture: bear_mod:textures/entity/bear/bear_aggressive.png
java.io.FileNotFoundException: bear_mod:textures/entity/bear/bear_aggressive.png
	at TRANSFORMER/minecraft@1.21.1/net.minecraft.server.packs.resources.ResourceProvider.lambda$getResourceOrThrow$1(ResourceProvider.java:18) ~[neoforge-21.1.180-minecraft.jar%23189!/:?]
	at java.base/java.util.Optional.orElseThrow(Optional.java:403) ~[?:?]
	at TRANSFORMER/minecraft@1.21.1/net.minecraft.server.packs.resources.ResourceProvider.getResourceOrThrow(ResourceProvider.java:18) ~[neoforge-21.1.180-minecraft.jar%23189!/:?]
	at TRANSFORMER/minecraft@1.21.1/net.minecraft.client.renderer.texture.SimpleTexture$TextureImage.load(SimpleTexture.java:83) ~[neoforge-21.1.180-minecraft.jar%23189!/:?]
	at TRANSFORMER/minecraft@1.21.1/net.minecraft.client.renderer.texture.SimpleTexture.getTextureImage(SimpleTexture.java:57) ~[neoforge-21.1.180-minecraft.jar%23189!/:?]
	at TRANSFORMER/minecraft@1.21.1/net.minecraft.client.renderer.texture.SimpleTexture.load(SimpleTexture.java:30) ~[neoforge-21.1.180-minecraft.jar%23189!/:?]
	at TRANSFORMER/minecraft@1.21.1/net.minecraft.client.renderer.texture.TextureManager.loadTexture(TextureManager.java:92) ~[neoforge-21.1.180-minecraft.jar%23189!/:?]
	at TRANSFORMER/minecraft@1.21.1/net.minecraft.client.renderer.texture.TextureManager.register(TextureManager.java:63) ~[neoforge-21.1.180-minecraft.jar%23189!/:?]
	at TRANSFORMER/minecraft@1.21.1/net.minecraft.client.renderer.texture.TextureManager.getTexture(TextureManager.java:113) ~[neoforge-21.1.180-minecraft.jar%23189!/:?]
	at TRANSFORMER/geckolib@4.6.6/software.bernie.geckolib.cache.texture.AnimatableTexture.setAndUpdate(AnimatableTexture.java:90) ~[geckolib-neoforge-1.21.1-4.6.6.jar%23193!/:4.6.6]
	at TRANSFORMER/geckolib@4.6.6/software.bernie.geckolib.cache.texture.AnimatableTexture.setAndUpdate(AnimatableTexture.java:81) ~[geckolib-neoforge-1.21.1-4.6.6.jar%23193!/:4.6.6]
	at TRANSFORMER/geckolib@4.6.6/software.bernie.geckolib.renderer.GeoEntityRenderer.updateAnimatedTextureFrame(GeoEntityRenderer.java:561) ~[geckolib-neoforge-1.21.1-4.6.6.jar%23193!/:4.6.6]
	at TRANSFORMER/geckolib@4.6.6/software.bernie.geckolib.renderer.GeoEntityRenderer.updateAnimatedTextureFrame(GeoEntityRenderer.java:52) ~[geckolib-neoforge-1.21.1-4.6.6.jar%23193!/:4.6.6]
	at TRANSFORMER/geckolib@4.6.6/software.bernie.geckolib.renderer.GeoRenderer.actuallyRender(GeoRenderer.java:187) ~[geckolib-neoforge-1.21.1-4.6.6.jar%23193!/:4.6.6]
	at TRANSFORMER/geckolib@4.6.6/software.bernie.geckolib.renderer.GeoEntityRenderer.actuallyRender(GeoEntityRenderer.java:278) ~[geckolib-neoforge-1.21.1-4.6.6.jar%23193!/:4.6.6]
	at TRANSFORMER/geckolib@4.6.6/software.bernie.geckolib.renderer.GeoEntityRenderer.actuallyRender(GeoEntityRenderer.java:52) ~[geckolib-neoforge-1.21.1-4.6.6.jar%23193!/:4.6.6]
	at TRANSFORMER/geckolib@4.6.6/software.bernie.geckolib.renderer.GeoRenderer.defaultRender(GeoRenderer.java:143) ~[geckolib-neoforge-1.21.1-4.6.6.jar%23193!/:4.6.6]
	at TRANSFORMER/geckolib@4.6.6/software.bernie.geckolib.renderer.GeoEntityRenderer.render(GeoEntityRenderer.java:194) ~[geckolib-neoforge-1.21.1-4.6.6.jar%23193!/:4.6.6]
	at TRANSFORMER/bear_mod@1.0.0/com.starfish_studios.bear_mod.client.renderer.BearRenderer.render(BearRenderer.java:29) ~[%23191!/:?]
	at TRANSFORMER/bear_mod@1.0.0/com.starfish_studios.bear_mod.client.renderer.BearRenderer.render(BearRenderer.java:13) ~[%23191!/:?]
	at TRANSFORMER/minecraft@1.21.1/net.minecraft.client.renderer.entity.EntityRenderDispatcher.render(EntityRenderDispatcher.java:159) ~[neoforge-21.1.180-minecraft.jar%23189!/:?]
	at TRANSFORMER/minecraft@1.21.1/net.minecraft.client.renderer.LevelRenderer.renderEntity(LevelRenderer.java:1256) ~[neoforge-21.1.180-minecraft.jar%23189!/:?]
	at TRANSFORMER/minecraft@1.21.1/net.minecraft.client.renderer.LevelRenderer.renderLevel(LevelRenderer.java:1034) ~[neoforge-21.1.180-minecraft.jar%23189!/:?]
	at TRANSFORMER/minecraft@1.21.1/net.minecraft.client.renderer.GameRenderer.renderLevel(GameRenderer.java:1271) ~[neoforge-21.1.180-minecraft.jar%23189!/:?]
	at TRANSFORMER/minecraft@1.21.1/net.minecraft.client.renderer.GameRenderer.render(GameRenderer.java:1024) ~[neoforge-21.1.180-minecraft.jar%23189!/:?]
	at TRANSFORMER/minecraft@1.21.1/net.minecraft.client.Minecraft.runTick(Minecraft.java:1195) ~[neoforge-21.1.180-minecraft.jar%23189!/:?]
	at TRANSFORMER/minecraft@1.21.1/net.minecraft.client.Minecraft.run(Minecraft.java:807) ~[neoforge-21.1.180-minecraft.jar%23189!/:?]
	at TRANSFORMER/minecraft@1.21.1/net.minecraft.client.main.Main.main(Main.java:230) ~[neoforge-21.1.180-minecraft.jar%23189!/:?]
	at java.base/jdk.internal.reflect.DirectMethodHandleAccessor.invoke(DirectMethodHandleAccessor.java:103) ~[?:?]
	at java.base/java.lang.reflect.Method.invoke(Method.java:580) ~[?:?]
	at MC-BOOTSTRAP/fml_loader@4.0.39/net.neoforged.fml.loading.targets.CommonLaunchHandler.runTarget(CommonLaunchHandler.java:136) ~[loader-4.0.39.jar%23146!/:4.0]
	at MC-BOOTSTRAP/fml_loader@4.0.39/net.neoforged.fml.loading.targets.CommonLaunchHandler.clientService(CommonLaunchHandler.java:124) ~[loader-4.0.39.jar%23146!/:4.0]
	at MC-BOOTSTRAP/fml_loader@4.0.39/net.neoforged.fml.loading.targets.NeoForgeClientDevLaunchHandler.runService(NeoForgeClientDevLaunchHandler.java:23) ~[loader-4.0.39.jar%23146!/:4.0]
	at MC-BOOTSTRAP/fml_loader@4.0.39/net.neoforged.fml.loading.targets.CommonLaunchHandler.lambda$launchService$4(CommonLaunchHandler.java:118) ~[loader-4.0.39.jar%23146!/:4.0]
	at MC-BOOTSTRAP/cpw.mods.modlauncher@11.0.5/cpw.mods.modlauncher.LaunchServiceHandlerDecorator.launch(LaunchServiceHandlerDecorator.java:30) [modlauncher-11.0.5.jar%23128!/:?]
	at MC-BOOTSTRAP/cpw.mods.modlauncher@11.0.5/cpw.mods.modlauncher.LaunchServiceHandler.launch(LaunchServiceHandler.java:53) [modlauncher-11.0.5.jar%23128!/:?]
	at MC-BOOTSTRAP/cpw.mods.modlauncher@11.0.5/cpw.mods.modlauncher.LaunchServiceHandler.launch(LaunchServiceHandler.java:71) [modlauncher-11.0.5.jar%23128!/:?]
	at MC-BOOTSTRAP/cpw.mods.modlauncher@11.0.5/cpw.mods.modlauncher.Launcher.run(Launcher.java:103) [modlauncher-11.0.5.jar%23128!/:?]
	at MC-BOOTSTRAP/cpw.mods.modlauncher@11.0.5/cpw.mods.modlauncher.Launcher.main(Launcher.java:74) [modlauncher-11.0.5.jar%23128!/:?]
	at MC-BOOTSTRAP/cpw.mods.modlauncher@11.0.5/cpw.mods.modlauncher.BootstrapLaunchConsumer.accept(BootstrapLaunchConsumer.java:26) [modlauncher-11.0.5.jar%23128!/:?]
	at MC-BOOTSTRAP/cpw.mods.modlauncher@11.0.5/cpw.mods.modlauncher.BootstrapLaunchConsumer.accept(BootstrapLaunchConsumer.java:23) [modlauncher-11.0.5.jar%23128!/:?]
	at cpw.mods.bootstraplauncher@2.0.2/cpw.mods.bootstraplauncher.BootstrapLauncher.run(BootstrapLauncher.java:210) [bootstraplauncher-2.0.2.jar:?]
	at cpw.mods.bootstraplauncher@2.0.2/cpw.mods.bootstraplauncher.BootstrapLauncher.main(BootstrapLauncher.java:69) [bootstraplauncher-2.0.2.jar:?]
	at java.base/jdk.internal.reflect.DirectMethodHandleAccessor.invoke(DirectMethodHandleAccessor.java:103) ~[?:?]
	at java.base/java.lang.reflect.Method.invoke(Method.java:580) ~[?:?]
	at DevLaunch@1.0.1/net.neoforged.devlaunch.Main.main(Main.java:55) [DevLaunch-1.0.1.jar:?]
[30jun.2025 14:02:45.328] [Server thread/INFO] [net.minecraft.client.server.IntegratedServer/]: Saving and pausing game...
[30jun.2025 14:02:45.351] [Server thread/INFO] [net.minecraft.server.MinecraftServer/]: Saving chunks for level 'ServerLevel[New World]'/minecraft:overworld
[30jun.2025 14:02:45.368] [Server thread/INFO] [net.minecraft.server.MinecraftServer/]: Saving chunks for level 'ServerLevel[New World]'/minecraft:the_end
[30jun.2025 14:02:45.369] [Server thread/INFO] [net.minecraft.server.MinecraftServer/]: Saving chunks for level 'ServerLevel[New World]'/minecraft:the_nether
[30jun.2025 14:02:51.029] [Server thread/INFO] [net.minecraft.client.server.IntegratedServer/]: Saving and pausing game...
[30jun.2025 14:02:51.040] [Server thread/INFO] [net.minecraft.server.MinecraftServer/]: Saving chunks for level 'ServerLevel[New World]'/minecraft:overworld
[30jun.2025 14:02:51.046] [Server thread/INFO] [net.minecraft.server.MinecraftServer/]: Saving chunks for level 'ServerLevel[New World]'/minecraft:the_end
[30jun.2025 14:02:51.046] [Server thread/INFO] [net.minecraft.server.MinecraftServer/]: Saving chunks for level 'ServerLevel[New World]'/minecraft:the_nether
[30jun.2025 14:02:51.484] [Server thread/INFO] [net.minecraft.server.network.ServerGamePacketListenerImpl/]: Dev lost connection: Disconnected
[30jun.2025 14:02:51.485] [Server thread/INFO] [net.minecraft.server.MinecraftServer/]: Dev left the game
[30jun.2025 14:02:51.499] [Server thread/INFO] [net.minecraft.server.network.ServerCommonPacketListenerImpl/]: Stopping singleplayer server as player logged out
[30jun.2025 14:02:51.551] [Server thread/INFO] [net.minecraft.server.MinecraftServer/]: Stopping server
[30jun.2025 14:02:51.552] [Server thread/INFO] [net.minecraft.server.MinecraftServer/]: Saving players
[30jun.2025 14:02:51.552] [Server thread/INFO] [net.minecraft.server.MinecraftServer/]: Saving worlds
[30jun.2025 14:02:53.121] [Server thread/INFO] [net.minecraft.server.MinecraftServer/]: Saving chunks for level 'ServerLevel[New World]'/minecraft:overworld
[30jun.2025 14:02:53.145] [Server thread/INFO] [net.minecraft.server.MinecraftServer/]: Saving chunks for level 'ServerLevel[New World]'/minecraft:the_end
[30jun.2025 14:02:53.148] [Server thread/INFO] [net.minecraft.server.MinecraftServer/]: Saving chunks for level 'ServerLevel[New World]'/minecraft:the_nether
[30jun.2025 14:02:53.157] [Server thread/INFO] [net.minecraft.server.MinecraftServer/]: ThreadedAnvilChunkStorage (New World): All chunks are saved
[30jun.2025 14:02:53.157] [Server thread/INFO] [net.minecraft.server.MinecraftServer/]: ThreadedAnvilChunkStorage (DIM1): All chunks are saved
[30jun.2025 14:02:53.157] [Server thread/INFO] [net.minecraft.server.MinecraftServer/]: ThreadedAnvilChunkStorage (DIM-1): All chunks are saved
[30jun.2025 14:02:53.157] [Server thread/INFO] [net.minecraft.server.MinecraftServer/]: ThreadedAnvilChunkStorage: All dimensions are saved
[30jun.2025 14:03:02.366] [Render thread/INFO] [net.minecraft.client.Minecraft/]: Stopping!
